2025-05-05 13:39:32,179 DEBUG    root            Loaded Command Group: ['gcloud', 'components']
2025-05-05 13:39:32,181 DEBUG    root            Loaded Command Group: ['gcloud', 'components', 'update']
2025-05-05 13:39:32,183 DEBUG    root            Running [gcloud.components.update] with arguments: [--quiet: "True", COMPONENT-IDS:8: "['gcloud', 'core', 'bq', 'gsutil', 'compute', 'preview', 'alpha', 'beta']"]
2025-05-05 13:39:32,184 INFO     ___FILE_ONLY___ Beginning update. This process may take several minutes.

2025-05-05 13:39:32,194 DEBUG    urllib3.connectionpool Starting new HTTPS connection (1): dl.google.com:443
2025-05-05 13:39:32,295 DEBUG    urllib3.connectionpool https://dl.google.com:443 "GET /dl/cloudsdk/channels/rapid/components-2.json HTTP/11" 200 233992
2025-05-05 13:39:32,309 WARNING  root            Component [compute] no longer exists.
2025-05-05 13:39:32,310 INFO     ___FILE_ONLY___ 

2025-05-05 13:39:32,311 INFO     ___FILE_ONLY___ 
Your current Google Cloud CLI version is: 520.0.0

2025-05-05 13:39:32,311 INFO     ___FILE_ONLY___ Installing components from version: 520.0.0

2025-05-05 13:39:32,311 INFO     ___FILE_ONLY___ 

2025-05-05 13:39:32,311 DEBUG    root            Chosen display Format:table[box,title="These components will be removed."](details.display_name:label=Name:align=left,version.version_string:label=Version:align=right,data.size.size(zero="",min=1048576):label=Size:align=right)
2025-05-05 13:39:32,312 DEBUG    root            Chosen display Format:table[box,title="These components will be updated."](details.display_name:label=Name:align=left,version.version_string:label=Version:align=right,data.size.size(zero="",min=1048576):label=Size:align=right)
2025-05-05 13:39:32,312 DEBUG    root            Chosen display Format:table[box,title="These components will be installed."](details.display_name:label=Name:align=left,version.version_string:label=Version:align=right,data.size.size(zero="",min=1048576):label=Size:align=right)
2025-05-05 13:39:32,327 INFO     ___FILE_ONLY___ ┌────────────────────────────────────────────────┐
2025-05-05 13:39:32,327 INFO     ___FILE_ONLY___ 

2025-05-05 13:39:32,328 INFO     ___FILE_ONLY___ │      These components will be installed.       │
2025-05-05 13:39:32,328 INFO     ___FILE_ONLY___ 

2025-05-05 13:39:32,328 INFO     ___FILE_ONLY___ ├─────────────────────────┬────────────┬─────────┤
2025-05-05 13:39:32,328 INFO     ___FILE_ONLY___ 

2025-05-05 13:39:32,328 INFO     ___FILE_ONLY___ │           Name          │  Version   │   Size  │
2025-05-05 13:39:32,328 INFO     ___FILE_ONLY___ 

2025-05-05 13:39:32,328 INFO     ___FILE_ONLY___ ├─────────────────────────┼────────────┼─────────┤
2025-05-05 13:39:32,328 INFO     ___FILE_ONLY___ 

2025-05-05 13:39:32,328 INFO     ___FILE_ONLY___ │ 
2025-05-05 13:39:32,328 INFO     ___FILE_ONLY___ gcloud Alpha Commands  
2025-05-05 13:39:32,328 INFO     ___FILE_ONLY___  
2025-05-05 13:39:32,328 INFO     ___FILE_ONLY___ │ 
2025-05-05 13:39:32,328 INFO     ___FILE_ONLY___ 2025.04.25
2025-05-05 13:39:32,328 INFO     ___FILE_ONLY___  
2025-05-05 13:39:32,328 INFO     ___FILE_ONLY___ │ 
2025-05-05 13:39:32,328 INFO     ___FILE_ONLY___ < 1 MiB
2025-05-05 13:39:32,328 INFO     ___FILE_ONLY___  
2025-05-05 13:39:32,328 INFO     ___FILE_ONLY___ │
2025-05-05 13:39:32,328 INFO     ___FILE_ONLY___ 

2025-05-05 13:39:32,329 INFO     ___FILE_ONLY___ │ 
2025-05-05 13:39:32,329 INFO     ___FILE_ONLY___ gcloud Beta Commands   
2025-05-05 13:39:32,329 INFO     ___FILE_ONLY___  
2025-05-05 13:39:32,329 INFO     ___FILE_ONLY___ │ 
2025-05-05 13:39:32,329 INFO     ___FILE_ONLY___ 2025.04.25
2025-05-05 13:39:32,329 INFO     ___FILE_ONLY___  
2025-05-05 13:39:32,329 INFO     ___FILE_ONLY___ │ 
2025-05-05 13:39:32,329 INFO     ___FILE_ONLY___ < 1 MiB
2025-05-05 13:39:32,329 INFO     ___FILE_ONLY___  
2025-05-05 13:39:32,329 INFO     ___FILE_ONLY___ │
2025-05-05 13:39:32,329 INFO     ___FILE_ONLY___ 

2025-05-05 13:39:32,329 INFO     ___FILE_ONLY___ │ 
2025-05-05 13:39:32,329 INFO     ___FILE_ONLY___ gcloud Preview Commands
2025-05-05 13:39:32,329 INFO     ___FILE_ONLY___  
2025-05-05 13:39:32,329 INFO     ___FILE_ONLY___ │ 
2025-05-05 13:39:32,329 INFO     ___FILE_ONLY___           
2025-05-05 13:39:32,329 INFO     ___FILE_ONLY___  
2025-05-05 13:39:32,329 INFO     ___FILE_ONLY___ │ 
2025-05-05 13:39:32,329 INFO     ___FILE_ONLY___ < 1 MiB
2025-05-05 13:39:32,329 INFO     ___FILE_ONLY___  
2025-05-05 13:39:32,329 INFO     ___FILE_ONLY___ │
2025-05-05 13:39:32,330 INFO     ___FILE_ONLY___ 

2025-05-05 13:39:32,330 INFO     ___FILE_ONLY___ └─────────────────────────┴────────────┴─────────┘
2025-05-05 13:39:32,330 INFO     ___FILE_ONLY___ 

2025-05-05 13:39:32,330 INFO     ___FILE_ONLY___ 

2025-05-05 13:39:32,333 DEBUG    urllib3.connectionpool Starting new HTTPS connection (1): dl.google.com:443
2025-05-05 13:39:32,458 DEBUG    urllib3.connectionpool https://dl.google.com:443 "GET /dl/cloudsdk/channels/rapid/RELEASE_NOTES HTTP/11" 200 1405747
2025-05-05 13:39:32,939 INFO     ___FILE_ONLY___ For the latest full release notes, please visit:
  https://cloud.google.com/sdk/release_notes


2025-05-05 13:39:32,939 INFO     ___FILE_ONLY___ Performing in place update...


2025-05-05 13:39:32,942 INFO     ___FILE_ONLY___ ╔════════════════════════════════════════════════════════════╗

2025-05-05 13:39:32,942 INFO     ___FILE_ONLY___ ╠═ Downloading: gcloud Alpha Commands                       ═╣

2025-05-05 13:39:32,942 INFO     ___FILE_ONLY___ ╚
2025-05-05 13:39:32,945 DEBUG    urllib3.connectionpool Starting new HTTPS connection (1): dl.google.com:443
2025-05-05 13:39:33,045 DEBUG    urllib3.connectionpool https://dl.google.com:443 "GET /dl/cloudsdk/channels/rapid/components/google-cloud-sdk-alpha-20250425151051.tar.gz HTTP/11" 200 800
2025-05-05 13:39:33,046 INFO     ___FILE_ONLY___ ════════════════════════════════════════════════════════════
2025-05-05 13:39:33,046 INFO     ___FILE_ONLY___ ╝

2025-05-05 13:39:33,048 INFO     ___FILE_ONLY___ ╔════════════════════════════════════════════════════════════╗

2025-05-05 13:39:33,048 INFO     ___FILE_ONLY___ ╠═ Downloading: gcloud Beta Commands                        ═╣

2025-05-05 13:39:33,048 INFO     ___FILE_ONLY___ ╚
2025-05-05 13:39:33,052 DEBUG    urllib3.connectionpool Starting new HTTPS connection (1): dl.google.com:443
2025-05-05 13:39:33,145 DEBUG    urllib3.connectionpool https://dl.google.com:443 "GET /dl/cloudsdk/channels/rapid/components/google-cloud-sdk-beta-20250425151051.tar.gz HTTP/11" 200 797
2025-05-05 13:39:33,145 INFO     ___FILE_ONLY___ ════════════════════════════════════════════════════════════
2025-05-05 13:39:33,145 INFO     ___FILE_ONLY___ ╝

2025-05-05 13:39:33,148 INFO     ___FILE_ONLY___ ╔════════════════════════════════════════════════════════════╗

2025-05-05 13:39:33,148 INFO     ___FILE_ONLY___ ╠═ Downloading: gcloud Preview Commands                     ═╣

2025-05-05 13:39:33,148 INFO     ___FILE_ONLY___ ╚
2025-05-05 13:39:33,151 DEBUG    urllib3.connectionpool Starting new HTTPS connection (1): dl.google.com:443
2025-05-05 13:39:33,245 DEBUG    urllib3.connectionpool https://dl.google.com:443 "GET /dl/cloudsdk/channels/rapid/components/google-cloud-sdk-preview-20241115154308.tar.gz HTTP/11" 200 823
2025-05-05 13:39:33,246 INFO     ___FILE_ONLY___ ════════════════════════════════════════════════════════════
2025-05-05 13:39:33,246 INFO     ___FILE_ONLY___ ╝

2025-05-05 13:39:33,248 INFO     ___FILE_ONLY___ ╔════════════════════════════════════════════════════════════╗

2025-05-05 13:39:33,248 INFO     ___FILE_ONLY___ ╠═ Installing: gcloud Alpha Commands                        ═╣

2025-05-05 13:39:33,248 INFO     ___FILE_ONLY___ ╚
2025-05-05 13:39:33,249 INFO     ___FILE_ONLY___ ════════════════════════════════════════════════════════════
2025-05-05 13:39:33,249 INFO     ___FILE_ONLY___ ╝

2025-05-05 13:39:33,255 INFO     ___FILE_ONLY___ ╔════════════════════════════════════════════════════════════╗

2025-05-05 13:39:33,255 INFO     ___FILE_ONLY___ ╠═ Installing: gcloud Beta Commands                         ═╣

2025-05-05 13:39:33,255 INFO     ___FILE_ONLY___ ╚
2025-05-05 13:39:33,256 INFO     ___FILE_ONLY___ ════════════════════════════════════════════════════════════
2025-05-05 13:39:33,256 INFO     ___FILE_ONLY___ ╝

2025-05-05 13:39:33,262 INFO     ___FILE_ONLY___ ╔════════════════════════════════════════════════════════════╗

2025-05-05 13:39:33,262 INFO     ___FILE_ONLY___ ╠═ Installing: gcloud Preview Commands                      ═╣

2025-05-05 13:39:33,262 INFO     ___FILE_ONLY___ ╚
2025-05-05 13:39:33,263 INFO     ___FILE_ONLY___ ════════════════════════════════════════════════════════════
2025-05-05 13:39:33,263 INFO     ___FILE_ONLY___ ╝

2025-05-05 13:39:33,268 DEBUG    root            Updating notification cache...
2025-05-05 13:39:33,269 INFO     ___FILE_ONLY___ 

2025-05-05 13:39:33,271 INFO     ___FILE_ONLY___ Performing post processing steps...
2025-05-05 13:39:33,272 DEBUG    root            Executing command: ['/tools/google-cloud-sdk/bin/gcloud', 'components', 'post-process']
2025-05-05 13:39:43,150 DEBUG    ___FILE_ONLY___ 
2025-05-05 13:39:43,150 DEBUG    ___FILE_ONLY___ 
2025-05-05 13:39:43,287 INFO     root            descriptor_list: [{'universeDomain': 'googleapis.com', 'universeShortName': '', 'authenticationDomain': 'auth.cloud.google.com', 'projectPrefix': '', 'cloudWebDomain': 'cloud.google.com', 'documentationDomain': 'cloud.google.com', 'version': '1.0.0', 'state': 'primary', 'artifactRegistryDomain': 'pkg.dev'}]
2025-05-05 13:39:43,288 INFO     ___FILE_ONLY___ 
Update done!


2025-05-05 13:39:43,291 DEBUG    root            Chosen display Format:none
2025-05-05 13:39:43,291 INFO     root            Display format: "none"
